----------------------------------------------------------------
Fri Nov 15 08:47:27 COT 2024:
 Iniciando instancia a816c00e-0193-3014-2592-000010e7d678 de Derby, versión The Apache Software Foundation - Apache Derby - 10.17.1.0 - (1913217): 
en el directorio de base de datos C:\Users\LENOVO\OneDrive - Universidad de los andes\Documentos\GitHub\proyecto_1_dpoo\Entrega 2\proyecto1 con el cargador de clases jdk.internal.loader.ClassLoaders$AppClassLoader@68837a77
Cargado desde file:/C:/Users/LENOVO/OneDrive%20-%20Universidad%20de%20los%20andes/Documentos/GitHub/proyecto_1_dpoo/Entrega%202/src/lib/derby.jar
java.vendor=Eclipse Adoptium
java.runtime.version=22.0.2+9
user.dir=C:\Users\LENOVO\OneDrive - Universidad de los andes\Documentos\GitHub\proyecto_1_dpoo\Entrega 2
os.name=Windows 11
os.arch=amd64
os.version=10.0
derby.system.home=null

------------  Principio de pila de errores de cierre -------------

ERROR XSDB0: Excepción inesperada en la página en memoria Page(5,Container(0, 144))
	at org.apache.derby.commons/org.apache.derby.shared.common.error.StandardException.newException(StandardException.java:299)
	at org.apache.derby.commons/org.apache.derby.shared.common.error.StandardException.newException(StandardException.java:294)
	at org.apache.derby.engine/org.apache.derby.impl.store.raw.data.StoredPage.storeRecordForInsert(StoredPage.java:7355)
	at org.apache.derby.engine/org.apache.derby.impl.store.raw.data.StoredPage.storeRecord(StoredPage.java:7233)
	at org.apache.derby.engine/org.apache.derby.impl.store.raw.data.InsertOperation.doMe(InsertOperation.java:165)
	at org.apache.derby.engine/org.apache.derby.impl.store.raw.log.FileLogger.redo(FileLogger.java:1481)
	at org.apache.derby.engine/org.apache.derby.impl.store.raw.log.LogToFile.recover(LogToFile.java:915)
	at org.apache.derby.engine/org.apache.derby.impl.store.raw.RawStore.boot(RawStore.java:336)
	at org.apache.derby.engine/org.apache.derby.impl.services.monitor.BaseMonitor.boot(BaseMonitor.java:1990)
	at org.apache.derby.engine/org.apache.derby.impl.services.monitor.TopService.bootModule(TopService.java:334)
	at org.apache.derby.engine/org.apache.derby.impl.services.monitor.BaseMonitor.startModule(BaseMonitor.java:527)
	at org.apache.derby.engine/org.apache.derby.impl.services.monitor.FileMonitor.startModule(FileMonitor.java:45)
	at org.apache.derby.engine/org.apache.derby.iapi.services.monitor.Monitor.bootServiceModule(Monitor.java:460)
	at org.apache.derby.engine/org.apache.derby.impl.store.access.RAMAccessManager.bootServiceModule(RAMAccessManager.java:1332)
	at org.apache.derby.engine/org.apache.derby.impl.store.access.RAMAccessManager.boot(RAMAccessManager.java:1035)
	at org.apache.derby.engine/org.apache.derby.impl.services.monitor.BaseMonitor.boot(BaseMonitor.java:1990)
	at org.apache.derby.engine/org.apache.derby.impl.services.monitor.TopService.bootModule(TopService.java:334)
	at org.apache.derby.engine/org.apache.derby.impl.services.monitor.BaseMonitor.startModule(BaseMonitor.java:527)
	at org.apache.derby.engine/org.apache.derby.impl.services.monitor.FileMonitor.startModule(FileMonitor.java:45)
	at org.apache.derby.engine/org.apache.derby.iapi.services.monitor.Monitor.bootServiceModule(Monitor.java:460)
	at org.apache.derby.engine/org.apache.derby.impl.db.BasicDatabase.bootServiceModule(BasicDatabase.java:945)
	at org.apache.derby.engine/org.apache.derby.impl.db.BasicDatabase.bootStore(BasicDatabase.java:773)
	at org.apache.derby.engine/org.apache.derby.impl.db.BasicDatabase.boot(BasicDatabase.java:182)
	at org.apache.derby.engine/org.apache.derby.impl.services.monitor.BaseMonitor.boot(BaseMonitor.java:1990)
	at org.apache.derby.engine/org.apache.derby.impl.services.monitor.TopService.bootModule(TopService.java:334)
	at org.apache.derby.engine/org.apache.derby.impl.services.monitor.BaseMonitor.bootService(BaseMonitor.java:1818)
	at org.apache.derby.engine/org.apache.derby.impl.services.monitor.BaseMonitor.startProviderService(BaseMonitor.java:1683)
	at org.apache.derby.engine/org.apache.derby.impl.services.monitor.BaseMonitor.findProviderAndStartService(BaseMonitor.java:1567)
	at org.apache.derby.engine/org.apache.derby.impl.services.monitor.BaseMonitor.startPersistentService(BaseMonitor.java:988)
	at org.apache.derby.engine/org.apache.derby.iapi.services.monitor.Monitor.startPersistentService(Monitor.java:598)
	at org.apache.derby.engine/org.apache.derby.impl.jdbc.EmbedConnection.startPersistentService(EmbedConnection.java:3994)
	at org.apache.derby.engine/org.apache.derby.impl.jdbc.EmbedConnection.bootDatabase(EmbedConnection.java:2809)
	at org.apache.derby.engine/org.apache.derby.impl.jdbc.EmbedConnection.<init>(EmbedConnection.java:406)
	at org.apache.derby.engine/org.apache.derby.iapi.jdbc.InternalDriver.getNewEmbedConnection(InternalDriver.java:629)
	at org.apache.derby.engine/org.apache.derby.iapi.jdbc.InternalDriver.connect(InternalDriver.java:295)
	at org.apache.derby.engine/org.apache.derby.iapi.jdbc.InternalDriver.connect(InternalDriver.java:921)
	at org.apache.derby.engine/org.apache.derby.iapi.jdbc.AutoloadedDriver.connect(AutoloadedDriver.java:132)
	at java.sql/java.sql.DriverManager.getConnection(DriverManager.java:682)
	at java.sql/java.sql.DriverManager.getConnection(DriverManager.java:253)
	at persistencia.DBConnection.crearConexion(DBConnection.java:41)
	at persistencia.DBConnection.<init>(DBConnection.java:20)
	at persistencia.Controlador.comprobarConexion(Controlador.java:37)
	at consola.ConsolaCrearControlador.crear(ConsolaCrearControlador.java:12)
	at consola.ConsolaPrincipal.mostrarMenuPrincipal(ConsolaPrincipal.java:23)
	at consola.ConsolaPrincipal.main(ConsolaPrincipal.java:70)


------------ Fin de pila de errores de cierre -------------

----------------------------------------------------------------
Fri Nov 15 08:47:27 COT 2024:
Cerrando la instancia a816c00e-0193-3014-2592-000010e7d678 en el directorio de base de datos C:\Users\LENOVO\OneDrive - Universidad de los andes\Documentos\GitHub\proyecto_1_dpoo\Entrega 2\proyecto1 con cargador de clases jdk.internal.loader.ClassLoaders$AppClassLoader@68837a77
Fri Nov 15 08:47:27 COT 2024 Thread[#1,main,5,main] Cleanup action starting
java.sql.SQLException: No se ha podido iniciar la base de datos 'proyecto1' con el cargador de clases jdk.internal.loader.ClassLoaders$AppClassLoader@68837a77, consulte la excepción siguiente para obtener más información.
	at org.apache.derby.engine/org.apache.derby.impl.jdbc.SQLExceptionFactory.getSQLException(SQLExceptionFactory.java:115)
	at org.apache.derby.engine/org.apache.derby.impl.jdbc.SQLExceptionFactory.getSQLException(SQLExceptionFactory.java:141)
	at org.apache.derby.engine/org.apache.derby.impl.jdbc.Util.seeNextException(Util.java:252)
	at org.apache.derby.engine/org.apache.derby.impl.jdbc.EmbedConnection.bootDatabase(EmbedConnection.java:2848)
	at org.apache.derby.engine/org.apache.derby.impl.jdbc.EmbedConnection.<init>(EmbedConnection.java:406)
	at org.apache.derby.engine/org.apache.derby.iapi.jdbc.InternalDriver.getNewEmbedConnection(InternalDriver.java:629)
	at org.apache.derby.engine/org.apache.derby.iapi.jdbc.InternalDriver.connect(InternalDriver.java:295)
	at org.apache.derby.engine/org.apache.derby.iapi.jdbc.InternalDriver.connect(InternalDriver.java:921)
	at org.apache.derby.engine/org.apache.derby.iapi.jdbc.AutoloadedDriver.connect(AutoloadedDriver.java:132)
	at java.sql/java.sql.DriverManager.getConnection(DriverManager.java:682)
	at java.sql/java.sql.DriverManager.getConnection(DriverManager.java:253)
	at persistencia.DBConnection.crearConexion(DBConnection.java:41)
	at persistencia.DBConnection.<init>(DBConnection.java:20)
	at persistencia.Controlador.comprobarConexion(Controlador.java:37)
	at consola.ConsolaCrearControlador.crear(ConsolaCrearControlador.java:12)
	at consola.ConsolaPrincipal.mostrarMenuPrincipal(ConsolaPrincipal.java:23)
	at consola.ConsolaPrincipal.main(ConsolaPrincipal.java:70)
Caused by: ERROR XJ040: No se ha podido iniciar la base de datos 'proyecto1' con el cargador de clases jdk.internal.loader.ClassLoaders$AppClassLoader@68837a77, consulte la excepción siguiente para obtener más información.
	at org.apache.derby.commons/org.apache.derby.shared.common.error.StandardException.newException(StandardException.java:299)
	at org.apache.derby.engine/org.apache.derby.impl.jdbc.SQLExceptionFactory.wrapArgsForTransportAcrossDRDA(SQLExceptionFactory.java:170)
	at org.apache.derby.engine/org.apache.derby.impl.jdbc.SQLExceptionFactory.getSQLException(SQLExceptionFactory.java:75)
	... 16 more
Caused by: ERROR XSDB0: Excepción inesperada en la página en memoria Page(5,Container(0, 144))
	at org.apache.derby.commons/org.apache.derby.shared.common.error.StandardException.newException(StandardException.java:299)
	at org.apache.derby.commons/org.apache.derby.shared.common.error.StandardException.newException(StandardException.java:294)
	at org.apache.derby.engine/org.apache.derby.impl.store.raw.data.StoredPage.storeRecordForInsert(StoredPage.java:7355)
	at org.apache.derby.engine/org.apache.derby.impl.store.raw.data.StoredPage.storeRecord(StoredPage.java:7233)
	at org.apache.derby.engine/org.apache.derby.impl.store.raw.data.InsertOperation.doMe(InsertOperation.java:165)
	at org.apache.derby.engine/org.apache.derby.impl.store.raw.log.FileLogger.redo(FileLogger.java:1481)
	at org.apache.derby.engine/org.apache.derby.impl.store.raw.log.LogToFile.recover(LogToFile.java:915)
	at org.apache.derby.engine/org.apache.derby.impl.store.raw.RawStore.boot(RawStore.java:336)
	at org.apache.derby.engine/org.apache.derby.impl.services.monitor.BaseMonitor.boot(BaseMonitor.java:1990)
	at org.apache.derby.engine/org.apache.derby.impl.services.monitor.TopService.bootModule(TopService.java:334)
	at org.apache.derby.engine/org.apache.derby.impl.services.monitor.BaseMonitor.startModule(BaseMonitor.java:527)
	at org.apache.derby.engine/org.apache.derby.impl.services.monitor.FileMonitor.startModule(FileMonitor.java:45)
	at org.apache.derby.engine/org.apache.derby.iapi.services.monitor.Monitor.bootServiceModule(Monitor.java:460)
	at org.apache.derby.engine/org.apache.derby.impl.store.access.RAMAccessManager.bootServiceModule(RAMAccessManager.java:1332)
	at org.apache.derby.engine/org.apache.derby.impl.store.access.RAMAccessManager.boot(RAMAccessManager.java:1035)
	at org.apache.derby.engine/org.apache.derby.impl.services.monitor.BaseMonitor.boot(BaseMonitor.java:1990)
	at org.apache.derby.engine/org.apache.derby.impl.services.monitor.TopService.bootModule(TopService.java:334)
	at org.apache.derby.engine/org.apache.derby.impl.services.monitor.BaseMonitor.startModule(BaseMonitor.java:527)
	at org.apache.derby.engine/org.apache.derby.impl.services.monitor.FileMonitor.startModule(FileMonitor.java:45)
	at org.apache.derby.engine/org.apache.derby.iapi.services.monitor.Monitor.bootServiceModule(Monitor.java:460)
	at org.apache.derby.engine/org.apache.derby.impl.db.BasicDatabase.bootServiceModule(BasicDatabase.java:945)
	at org.apache.derby.engine/org.apache.derby.impl.db.BasicDatabase.bootStore(BasicDatabase.java:773)
	at org.apache.derby.engine/org.apache.derby.impl.db.BasicDatabase.boot(BasicDatabase.java:182)
	at org.apache.derby.engine/org.apache.derby.impl.services.monitor.BaseMonitor.boot(BaseMonitor.java:1990)
	at org.apache.derby.engine/org.apache.derby.impl.services.monitor.TopService.bootModule(TopService.java:334)
	at org.apache.derby.engine/org.apache.derby.impl.services.monitor.BaseMonitor.bootService(BaseMonitor.java:1818)
	at org.apache.derby.engine/org.apache.derby.impl.services.monitor.BaseMonitor.startProviderService(BaseMonitor.java:1683)
	at org.apache.derby.engine/org.apache.derby.impl.services.monitor.BaseMonitor.findProviderAndStartService(BaseMonitor.java:1567)
	at org.apache.derby.engine/org.apache.derby.impl.services.monitor.BaseMonitor.startPersistentService(BaseMonitor.java:988)
	at org.apache.derby.engine/org.apache.derby.iapi.services.monitor.Monitor.startPersistentService(Monitor.java:598)
	at org.apache.derby.engine/org.apache.derby.impl.jdbc.EmbedConnection.startPersistentService(EmbedConnection.java:3994)
	at org.apache.derby.engine/org.apache.derby.impl.jdbc.EmbedConnection.bootDatabase(EmbedConnection.java:2809)
	... 13 more
============= begin nested exception, level (1) ===========
java.sql.SQLException: Excepción inesperada en la página en memoria Page(5,Container(0, 144))
	at org.apache.derby.engine/org.apache.derby.impl.jdbc.SQLExceptionFactory.getSQLException(SQLExceptionFactory.java:115)
	at org.apache.derby.engine/org.apache.derby.impl.jdbc.Util.generateCsSQLException(Util.java:230)
	at org.apache.derby.engine/org.apache.derby.impl.jdbc.EmbedConnection.bootDatabase(EmbedConnection.java:2842)
	at org.apache.derby.engine/org.apache.derby.impl.jdbc.EmbedConnection.<init>(EmbedConnection.java:406)
	at org.apache.derby.engine/org.apache.derby.iapi.jdbc.InternalDriver.getNewEmbedConnection(InternalDriver.java:629)
	at org.apache.derby.engine/org.apache.derby.iapi.jdbc.InternalDriver.connect(InternalDriver.java:295)
	at org.apache.derby.engine/org.apache.derby.iapi.jdbc.InternalDriver.connect(InternalDriver.java:921)
	at org.apache.derby.engine/org.apache.derby.iapi.jdbc.AutoloadedDriver.connect(AutoloadedDriver.java:132)
	at java.sql/java.sql.DriverManager.getConnection(DriverManager.java:682)
	at java.sql/java.sql.DriverManager.getConnection(DriverManager.java:253)
	at persistencia.DBConnection.crearConexion(DBConnection.java:41)
	at persistencia.DBConnection.<init>(DBConnection.java:20)
	at persistencia.Controlador.comprobarConexion(Controlador.java:37)
	at consola.ConsolaCrearControlador.crear(ConsolaCrearControlador.java:12)
	at consola.ConsolaPrincipal.mostrarMenuPrincipal(ConsolaPrincipal.java:23)
	at consola.ConsolaPrincipal.main(ConsolaPrincipal.java:70)
Caused by: ERROR XSDB0: Excepción inesperada en la página en memoria Page(5,Container(0, 144))
	at org.apache.derby.commons/org.apache.derby.shared.common.error.StandardException.newException(StandardException.java:299)
	at org.apache.derby.commons/org.apache.derby.shared.common.error.StandardException.newException(StandardException.java:294)
	at org.apache.derby.engine/org.apache.derby.impl.store.raw.data.StoredPage.storeRecordForInsert(StoredPage.java:7355)
	at org.apache.derby.engine/org.apache.derby.impl.store.raw.data.StoredPage.storeRecord(StoredPage.java:7233)
	at org.apache.derby.engine/org.apache.derby.impl.store.raw.data.InsertOperation.doMe(InsertOperation.java:165)
	at org.apache.derby.engine/org.apache.derby.impl.store.raw.log.FileLogger.redo(FileLogger.java:1481)
	at org.apache.derby.engine/org.apache.derby.impl.store.raw.log.LogToFile.recover(LogToFile.java:915)
	at org.apache.derby.engine/org.apache.derby.impl.store.raw.RawStore.boot(RawStore.java:336)
	at org.apache.derby.engine/org.apache.derby.impl.services.monitor.BaseMonitor.boot(BaseMonitor.java:1990)
	at org.apache.derby.engine/org.apache.derby.impl.services.monitor.TopService.bootModule(TopService.java:334)
	at org.apache.derby.engine/org.apache.derby.impl.services.monitor.BaseMonitor.startModule(BaseMonitor.java:527)
	at org.apache.derby.engine/org.apache.derby.impl.services.monitor.FileMonitor.startModule(FileMonitor.java:45)
	at org.apache.derby.engine/org.apache.derby.iapi.services.monitor.Monitor.bootServiceModule(Monitor.java:460)
	at org.apache.derby.engine/org.apache.derby.impl.store.access.RAMAccessManager.bootServiceModule(RAMAccessManager.java:1332)
	at org.apache.derby.engine/org.apache.derby.impl.store.access.RAMAccessManager.boot(RAMAccessManager.java:1035)
	at org.apache.derby.engine/org.apache.derby.impl.services.monitor.BaseMonitor.boot(BaseMonitor.java:1990)
	at org.apache.derby.engine/org.apache.derby.impl.services.monitor.TopService.bootModule(TopService.java:334)
	at org.apache.derby.engine/org.apache.derby.impl.services.monitor.BaseMonitor.startModule(BaseMonitor.java:527)
	at org.apache.derby.engine/org.apache.derby.impl.services.monitor.FileMonitor.startModule(FileMonitor.java:45)
	at org.apache.derby.engine/org.apache.derby.iapi.services.monitor.Monitor.bootServiceModule(Monitor.java:460)
	at org.apache.derby.engine/org.apache.derby.impl.db.BasicDatabase.bootServiceModule(BasicDatabase.java:945)
	at org.apache.derby.engine/org.apache.derby.impl.db.BasicDatabase.bootStore(BasicDatabase.java:773)
	at org.apache.derby.engine/org.apache.derby.impl.db.BasicDatabase.boot(BasicDatabase.java:182)
	at org.apache.derby.engine/org.apache.derby.impl.services.monitor.BaseMonitor.boot(BaseMonitor.java:1990)
	at org.apache.derby.engine/org.apache.derby.impl.services.monitor.TopService.bootModule(TopService.java:334)
	at org.apache.derby.engine/org.apache.derby.impl.services.monitor.BaseMonitor.bootService(BaseMonitor.java:1818)
	at org.apache.derby.engine/org.apache.derby.impl.services.monitor.BaseMonitor.startProviderService(BaseMonitor.java:1683)
	at org.apache.derby.engine/org.apache.derby.impl.services.monitor.BaseMonitor.findProviderAndStartService(BaseMonitor.java:1567)
	at org.apache.derby.engine/org.apache.derby.impl.services.monitor.BaseMonitor.startPersistentService(BaseMonitor.java:988)
	at org.apache.derby.engine/org.apache.derby.iapi.services.monitor.Monitor.startPersistentService(Monitor.java:598)
	at org.apache.derby.engine/org.apache.derby.impl.jdbc.EmbedConnection.startPersistentService(EmbedConnection.java:3994)
	at org.apache.derby.engine/org.apache.derby.impl.jdbc.EmbedConnection.bootDatabase(EmbedConnection.java:2809)
	... 13 more
============= end nested exception, level (1) ===========
============= begin nested exception, level (2) ===========
ERROR XSDB0: Excepción inesperada en la página en memoria Page(5,Container(0, 144))
	at org.apache.derby.commons/org.apache.derby.shared.common.error.StandardException.newException(StandardException.java:299)
	at org.apache.derby.commons/org.apache.derby.shared.common.error.StandardException.newException(StandardException.java:294)
	at org.apache.derby.engine/org.apache.derby.impl.store.raw.data.StoredPage.storeRecordForInsert(StoredPage.java:7355)
	at org.apache.derby.engine/org.apache.derby.impl.store.raw.data.StoredPage.storeRecord(StoredPage.java:7233)
	at org.apache.derby.engine/org.apache.derby.impl.store.raw.data.InsertOperation.doMe(InsertOperation.java:165)
	at org.apache.derby.engine/org.apache.derby.impl.store.raw.log.FileLogger.redo(FileLogger.java:1481)
	at org.apache.derby.engine/org.apache.derby.impl.store.raw.log.LogToFile.recover(LogToFile.java:915)
	at org.apache.derby.engine/org.apache.derby.impl.store.raw.RawStore.boot(RawStore.java:336)
	at org.apache.derby.engine/org.apache.derby.impl.services.monitor.BaseMonitor.boot(BaseMonitor.java:1990)
	at org.apache.derby.engine/org.apache.derby.impl.services.monitor.TopService.bootModule(TopService.java:334)
	at org.apache.derby.engine/org.apache.derby.impl.services.monitor.BaseMonitor.startModule(BaseMonitor.java:527)
	at org.apache.derby.engine/org.apache.derby.impl.services.monitor.FileMonitor.startModule(FileMonitor.java:45)
	at org.apache.derby.engine/org.apache.derby.iapi.services.monitor.Monitor.bootServiceModule(Monitor.java:460)
	at org.apache.derby.engine/org.apache.derby.impl.store.access.RAMAccessManager.bootServiceModule(RAMAccessManager.java:1332)
	at org.apache.derby.engine/org.apache.derby.impl.store.access.RAMAccessManager.boot(RAMAccessManager.java:1035)
	at org.apache.derby.engine/org.apache.derby.impl.services.monitor.BaseMonitor.boot(BaseMonitor.java:1990)
	at org.apache.derby.engine/org.apache.derby.impl.services.monitor.TopService.bootModule(TopService.java:334)
	at org.apache.derby.engine/org.apache.derby.impl.services.monitor.BaseMonitor.startModule(BaseMonitor.java:527)
	at org.apache.derby.engine/org.apache.derby.impl.services.monitor.FileMonitor.startModule(FileMonitor.java:45)
	at org.apache.derby.engine/org.apache.derby.iapi.services.monitor.Monitor.bootServiceModule(Monitor.java:460)
	at org.apache.derby.engine/org.apache.derby.impl.db.BasicDatabase.bootServiceModule(BasicDatabase.java:945)
	at org.apache.derby.engine/org.apache.derby.impl.db.BasicDatabase.bootStore(BasicDatabase.java:773)
	at org.apache.derby.engine/org.apache.derby.impl.db.BasicDatabase.boot(BasicDatabase.java:182)
	at org.apache.derby.engine/org.apache.derby.impl.services.monitor.BaseMonitor.boot(BaseMonitor.java:1990)
	at org.apache.derby.engine/org.apache.derby.impl.services.monitor.TopService.bootModule(TopService.java:334)
	at org.apache.derby.engine/org.apache.derby.impl.services.monitor.BaseMonitor.bootService(BaseMonitor.java:1818)
	at org.apache.derby.engine/org.apache.derby.impl.services.monitor.BaseMonitor.startProviderService(BaseMonitor.java:1683)
	at org.apache.derby.engine/org.apache.derby.impl.services.monitor.BaseMonitor.findProviderAndStartService(BaseMonitor.java:1567)
	at org.apache.derby.engine/org.apache.derby.impl.services.monitor.BaseMonitor.startPersistentService(BaseMonitor.java:988)
	at org.apache.derby.engine/org.apache.derby.iapi.services.monitor.Monitor.startPersistentService(Monitor.java:598)
	at org.apache.derby.engine/org.apache.derby.impl.jdbc.EmbedConnection.startPersistentService(EmbedConnection.java:3994)
	at org.apache.derby.engine/org.apache.derby.impl.jdbc.EmbedConnection.bootDatabase(EmbedConnection.java:2809)
	at org.apache.derby.engine/org.apache.derby.impl.jdbc.EmbedConnection.<init>(EmbedConnection.java:406)
	at org.apache.derby.engine/org.apache.derby.iapi.jdbc.InternalDriver.getNewEmbedConnection(InternalDriver.java:629)
	at org.apache.derby.engine/org.apache.derby.iapi.jdbc.InternalDriver.connect(InternalDriver.java:295)
	at org.apache.derby.engine/org.apache.derby.iapi.jdbc.InternalDriver.connect(InternalDriver.java:921)
	at org.apache.derby.engine/org.apache.derby.iapi.jdbc.AutoloadedDriver.connect(AutoloadedDriver.java:132)
	at java.sql/java.sql.DriverManager.getConnection(DriverManager.java:682)
	at java.sql/java.sql.DriverManager.getConnection(DriverManager.java:253)
	at persistencia.DBConnection.crearConexion(DBConnection.java:41)
	at persistencia.DBConnection.<init>(DBConnection.java:20)
	at persistencia.Controlador.comprobarConexion(Controlador.java:37)
	at consola.ConsolaCrearControlador.crear(ConsolaCrearControlador.java:12)
	at consola.ConsolaPrincipal.mostrarMenuPrincipal(ConsolaPrincipal.java:23)
	at consola.ConsolaPrincipal.main(ConsolaPrincipal.java:70)
============= end nested exception, level (2) ===========
Cleanup action completed
